0     kamnap bip ksa nazaha gov sa MCgovSA ุดูููุง ูุงู...
1     ุฑุจูุง ุงูููุช ููุชุฑุจ ููู ูุงูุง ูุง ุงุดุนุฑ ุจู ูุทูู ูุง ุง...
2     mhrsd care ุงูุณูุงู ุนูููู ููุณูุญุช ุชุญุฏูุซ ููู ุงูููุด...
3     โููุฏ ูุงู ุชุงุฑูุง ุญููู ูู ูุฏุงูุน ุงูู ูุงููุธู ุงูู ุนู...
4     nahdihope ุทุงูุจู ุทูุจูู ูููู ูู ุงูุณ ููุญุฏ ุงูุงู ูุง...
5     ููุงูุฑ ููู ุฌููู ุฌุฏุง ุงุฌูู ูู ุดุนูุฑ ููุช ุงูุตุญุจุงุช ูู...
6     ๐ด ู๏ปง ุงูุฎุงุต ๐ฉ ๐ ูุชู ูุชุงูุฌ ุงูุชุญููู ูุฌุงูุนุฉ ุงู ุงูู...
7     ููู ูู ุงูุงุนูุงููู ุงูุงููุงููู ุจูุธูุฑู ุงูููู ูู ุงู ...
8     ูุง ุงูู ุดู ูุงูููุงุนุฉ ุงูุญููุฉ ุงูู ุนูุฏู ุนูู ุงุจุณุท ุณู...
9     ูุดูุฑ ุงูุดุฑุทุฉ ุงููุตุฑูุฉ ูุญูุงูุฉ ุงูุจุดุฑูุฉ ูู ููุฑูุณ ูู...
10    ุงุญ ูุฑุจู ุทูู ุงูููุทุน ูููุจู ูุงูู ุฎุงูู ูุตูุฑููู ุดู ...
11    mhrsd care ุงูุณูุงู ุนูููู ุงุฎู ุงููุฑูู ุงุฑูุฏ ุงู ุงุนุฑ...
12    ูู ุงุฑูุน ู ุงุฌูู ุงููุนุงููุงุช ูู ุญุถุฑุชูุง ุญูุช ููุณู ุฌุฏ...
13    ูุณุชููู ุงู ุฑุจูุง ููุฌุญูู ุงูุง ููุง ูุณุงู ุงูู ุจุญุจู ูู...
14    MCgovSA ุงูุจูุฏูุฉ ุทูุจูุง ููู ุชุญุฏูุซ ุจูุงูุงุช ุงูุณุฌู ุง...
15    ุงููู ุงุณุชุฌุจ ููุง ูุง ูุนุฌุฒ ุนู ููููุ ูุง ูุตุนุจ ุนูููุง ...
16    eMoror ุงูุณูุงู ุนูููู ูู ุณูุญุช ููู ุงุณูุท ููููู ูุฑู...
17    ุจูุณุญุจ ูุงุนุฑุจ ุฑุจู ุงูุญูุง ูุฑู ุงูุนูุจ ูุงูุดุงูุฑูุง ุฎุงุณุช...
18    ุงููู ุตู ูุณูู ุนููู ูุงุฑุณูู ุงูู โ ๏ธ ุงููู ุงูุช ุงูุญุง...
19    ุญุงุทูู ูู ุตูุฑ ุงูู ุจูุฌูู ุงูุง ุฐู ๐ ๐ ๐ ๐ ๐ ๐ ๐ ุญุง...
20    AskRiyadBank ุญููุช ูุดุฎุต ูู ุญุณุงุจ ุงูุฎุงุต ูู ุจูู ุงู...
21    ูุง ูุงูุด ุงูุญูุงุก ุนูู ุงููู ูู ููู ุงูููุด ูุงูู ููุด ...
22    ูุฏุฑ ุงูู ุงู ุชููู ูุจูุฑุง ูู ููุจู ููุซูุฑุง ูู ุนููู โค...
23    ูุงุฌูุงุนู ุงุนุฑุงุถ ููุฑููุง ุงููุญู ูุงูู ูู ุงูุตุฏุฑ ูุถูู ...
24    ุชูุงุฑูุฑ ุตุญููุฉ ูู ุงูุทุงููุง ุชุดูุฑ ูุงุญุชูุงู ุชุงุฌูู ูู ...
25    eMoror ุนูุฏู ูุฎุงููุงุช ุงูู ุฑูุงู ุ ูู ูู ุทุฑููุฉ ุชุฎู...
26    stcare ksa ุงูุณูุงู ุนูููู ููู ุงุญูู ุดุฑูุญุชู ูstc ู...
27    ุงุธู ุงูุง ุงููุญูุฏ ุงูู ูุง ุชุงุจุน ููุณู ุฌุฏู ุงูู ุงูุงู ุง...
28    ุงูููุฑูุถ ูุงูุณุชูุจู ุถููู ูู ุงูุจุฑุฏ ูุชุตูุฑ ูู ุงูุนุงุฏุง...
29    SaudiHousing ูุฏู ุงุฑุถ ูุฌุงููู ูู ุงูุทุงูู ูุงุฑุบุจ ุชุญ...
30    ejar sa ุตุจุงุญ ุงูุฎูุฑ ุ ุงูุนูุฏ ุงูุชุฌุงุฑู ุ ูู ุจุงูุงูู...
31    ูุด ูู ููุช ุงุญุณ ุจุฏูุฑุงู ูู ุฑุงุณู ุจุณู ุงูู ุนููโ โ ๏ธ ...
32    mhrsd care ุงูุณูุงู ุนููู ุนูุฏู ุนุงููู ููุฒููู ูุฒูุช ...
33    Amr wael ุงูุง ุงูุงู ูู ุทุฑููู ูุญุฐู ุงูุชููุชุฉ โ โ ๏ธ ...
34    ุฑููุณ ุงููุฒุฑุงุก ุงูุจูุงูู ุญุณุงู ุฏูุงุจ ุงูููู ุงูุงุซููู ุง...
35    ูุน ุงูู ููู ูู ุนุงู ุ ุงุชููู ุงูุชุจ ููุณ ุงูุชููุชู ุฏู ...
36    mjsaman ุงูู ูุชู ุนูู ุฎูุฑุงู ุดุงุก ุงูู ู ูุณุชุงูู ุงุจู...
37    ุญูู ุณูุช ุงูู ุงูุญู ุนู ุงูุจุงุทู ุชููู ุงูู ุงูุจุงุทู ุงูู...
38    covid ุจูุฏูู ููุฑู ูุบุฑุบุฑู ูุงู ูููุญ ู ุงุณุชุฑุจุณู ููู...
39    ุทุงูุนูู ูุนุณู ุชููุง ุญุฑููุง ุงูุณูุงุฑู ููุฌู ุณูุฑุงู ูุดูู...
40    ูุฑุฌุช ูุน ุงูุฑุงูู ุฏุฎูู ยท ูู ูู ูุญุธุฉ ูู ุนูู ุงูุจุงู ...
41    ุงูู ุฏุฑู ูุฏ ูุฒูุช ุณุนุงุฏุชู ูุบูุจุชูู ูู ุฏุฑุจ ุงููุฑุงู ู...
42    ุณู ููุดู ูุญุณุงุจุงุชูู ูุน ูู ุชุบุฑูุฏุฉ KingSalman moe ...
43    ูุทุน ุนูู ุงููุช ุจูุต ุงูุงุฎุชุจุงุฑ ุงูู ููุทุน ุฑูุณูู stc ู...
44    ุงู ูุฏููู ุณุนูุฏูู ุชุญุจูุง ุงุญุจ ุฌุฏุชู ุฌุฏุฉ ุงููุง ูุงุฎูุฑุง...
45    ููุฑููุง ุงูุฌุฏูุฏ ููุงุท ุงุฏูู ุงุญูู ููู ุณุนูุฏู ุดูุชู ูุง...
46    ูุตุฑ ูู ูููุชุด ุฌุงุจุช ุงุจู ูุณุฎุฉ ุฐูู ูุงูุช ูุชุจูู ุงุญุณู...
47    ุญุงูู ุงู ูฺฏูู ูุฏูฺฏ ูู ุงูุญูุงุฉ ูู ูุต ุงูููุนุจ โฝ ๏ธ ุน...
48    ุงููุงุญุฏ ุจูุง ุนุงูุฒ ุนุฑุจูุงุช ุงูุนุจุฉ ุชุฌูุจ ุงูุงูู ูุงููุทุจ...
49    ูุง ุชุณุนููู ุงููููุงุช ุ ุงูุง ุงูุชู ุชุบุฑู ูู ุงุนูุงู ุงูุบ...